#
# There is insufficient memory for the Java Runtime Environment to continue.
# Native memory allocation (mmap) failed to map 257949696 bytes for G1 virtual space
# Possible reasons:
#   The system is out of physical RAM or swap space
#   The process is running with CompressedOops enabled, and the Java Heap may be blocking the growth of the native heap
# Possible solutions:
#   Reduce memory load on the system
#   Increase physical memory or swap space
#   Check if swap backing store is full
#   Decrease Java heap size (-Xmx/-Xms)
#   Decrease number of Java threads
#   Decrease Java thread stack sizes (-Xss)
#   Set larger code cache with -XX:ReservedCodeCacheSize=
#   JVM is running with Zero Based Compressed Oops mode in which the Java heap is
#     placed in the first 32GB address space. The Java Heap base address is the
#     maximum limit for the native heap growth. Please use -XX:HeapBaseMinAddress
#     to set the Java Heap base and to place the Java Heap above 32GB virtual address.
# This output file may be truncated or incomplete.
#
#  Out of Memory Error (os_windows.cpp:3536), pid=9656, tid=4752
#
# JRE version:  (19.0.2+7) (build )
# Java VM: Java HotSpot(TM) 64-Bit Server VM (19.0.2+7-44, mixed mode, sharing, tiered, compressed oops, compressed class ptrs, g1 gc, windows-amd64)
# No core dump will be written. Minidumps are not enabled by default on client versions of Windows
#

---------------  S U M M A R Y ------------

Command Line: -Dclassworlds.conf=D:\Program Files\NetBeans-15\netbeans\java\maven\bin\m2.conf -Dmaven.home=D:\Program Files\NetBeans-15\netbeans\java\maven -Dlibrary.jansi.path=D:\Program Files\NetBeans-15\netbeans\java\maven\lib\jansi-native -Dmaven.multiModuleProjectDirectory=C:\Users\alexm\Documents\NetBeansProjects\BlankCpx org.codehaus.plexus.classworlds.launcher.Launcher -Drun.jvmArguments=-noverify -XX:TieredStopAtLevel=1 -Drun.mainClass=com.BlankCpx.cpx.CpxApplication -Dexec.vmArgs= -Dexec.appArgs= -Dmaven.ext.class.path=D:\Program Files\NetBeans-15\netbeans\java\maven-nblib\netbeans-eventspy.jar spring-boot:run

Host: AMD Ryzen 5 4600H with Radeon Graphics         , 12 cores, 15G,  Windows 10 , 64 bit Build 19041 (10.0.19041.2788)
Time: Thu May 11 01:29:49 2023 Hora estándar central (México) elapsed time: 0.061598 seconds (0d 0h 0m 0s)

---------------  T H R E A D  ---------------

Current thread (0x00000188f6f5c110):  JavaThread "Unknown thread" [_thread_in_vm, id=4752, stack(0x0000005c94600000,0x0000005c94700000)]

Stack: [0x0000005c94600000,0x0000005c94700000]
Native frames: (J=compiled Java code, j=interpreted, Vv=VM code, C=native code)
V  [jvm.dll+0x6ee21a]
V  [jvm.dll+0x85765e]
V  [jvm.dll+0x85904e]
V  [jvm.dll+0x859703]
V  [jvm.dll+0x28298f]
V  [jvm.dll+0x6eb009]
V  [jvm.dll+0x6dfbaa]
V  [jvm.dll+0x3573f6]
V  [jvm.dll+0x35ee56]
V  [jvm.dll+0x3b541e]
V  [jvm.dll+0x3b564f]
V  [jvm.dll+0x32c9ea]
V  [jvm.dll+0x32d89e]
V  [jvm.dll+0x821780]
V  [jvm.dll+0x3c2661]
V  [jvm.dll+0x801f51]
V  [jvm.dll+0x44ae8f]
V  [jvm.dll+0x44c811]
C  [jli.dll+0x5287]
C  [ucrtbase.dll+0x21bb2]
C  [KERNEL32.DLL+0x17604]
C  [ntdll.dll+0x526a1]


---------------  P R O C E S S  ---------------

Threads class SMR info:
_java_thread_list=0x00007ff9ca3fd048, length=0, elements={
}

Java Threads: ( => current thread )

Other Threads:
  0x00000188f6fccbc0 WorkerThread "GC Thread#0" [stack: 0x0000005c94700000,0x0000005c94800000] [id=18372]
  0x00000188f6fde2d0 ConcurrentGCThread "G1 Main Marker" [stack: 0x0000005c94800000,0x0000005c94900000] [id=8236]
  0x00000188f6fdf4a0 WorkerThread "G1 Conc#0" [stack: 0x0000005c94900000,0x0000005c94a00000] [id=24724]

[error occurred during error reporting (printing all threads), id 0xc0000005, EXCEPTION_ACCESS_VIOLATION (0xc0000005) at pc=0x00007ff9c9bbd427]

VM state: not at safepoint (not fully initialized)

VM Mutex/Monitor currently owned by a thread:  ([mutex/lock_event])
[0x00000188f6f59790] Heap_lock - owner thread: 0x00000188f6f5c110

Heap address: 0x000000070a000000, size: 3936 MB, Compressed Oops mode: Zero based, Oop shift amount: 3

CDS archive(s) mapped at: [0x0000000000000000-0x0000000000000000-0x0000000000000000), size 0, SharedBaseAddress: 0x0000000800000000, ArchiveRelocationMode: 0.
Narrow klass base: 0x0000000000000000, Narrow klass shift: 0, Narrow klass range: 0x0

GC Precious Log:
 CardTable entry size: 512
 Card Set container configuration: InlinePtr #cards 4 size 8 Array Of Cards #cards 16 size 48 Howl #buckets 8 coarsen threshold 3686 Howl Bitmap #cards 512 size 80 coarsen threshold 460 Card regions per heap region 1 cards per card region 4096

Heap:
 garbage-first heap   total 0K, used 0K [0x000000070a000000, 0x0000000800000000)
  region size 2048K, 0 young (0K), 0 survivors (0K)

[error occurred during error reporting (printing heap information), id 0xc0000005, EXCEPTION_ACCESS_VIOLATION (0xc0000005) at pc=0x00007ff9c9fc6649]

GC Heap History (0 events):
No events

Dll operation events (1 events):
Event: 0.047 Loaded shared library D:\Program Files\Java\jdk-19\bin\java.dll

Deoptimization events (0 events):
No events

Classes loaded (0 events):
No events

Classes unloaded (0 events):
No events

Classes redefined (0 events):
No events

Internal exceptions (0 events):
No events

VM Operations (0 events):
No events

Events (0 events):
No events


Dynamic libraries:
0x00007ff77d7e0000 - 0x00007ff77d7f0000 	D:\Program Files\Java\jdk-19\bin\java.exe
0x00007ffa3bf10000 - 0x00007ffa3c108000 	C:\Windows\SYSTEM32\ntdll.dll
0x00007ffa39f70000 - 0x00007ffa3a02f000 	C:\Windows\System32\KERNEL32.DLL
0x00007ffa39950000 - 0x00007ffa39c2a000 	C:\Windows\System32\KERNELBASE.dll
0x00007ffa39850000 - 0x00007ffa39950000 	C:\Windows\System32\ucrtbase.dll
0x00007ffa32d10000 - 0x00007ffa32d2b000 	D:\Program Files\Java\jdk-19\bin\VCRUNTIME140.dll
0x00007ffa11290000 - 0x00007ffa112a8000 	D:\Program Files\Java\jdk-19\bin\jli.dll
0x00007ffa3b4f0000 - 0x00007ffa3b59e000 	C:\Windows\System32\ADVAPI32.dll
0x00007ffa3b5a0000 - 0x00007ffa3b63e000 	C:\Windows\System32\msvcrt.dll
0x00007ffa3a9a0000 - 0x00007ffa3aa3c000 	C:\Windows\System32\sechost.dll
0x00007ffa3aa40000 - 0x00007ffa3ab66000 	C:\Windows\System32\RPCRT4.dll
0x00007ffa3bc60000 - 0x00007ffa3bdfd000 	C:\Windows\System32\USER32.dll
0x00007ffa39650000 - 0x00007ffa39672000 	C:\Windows\System32\win32u.dll
0x00007ffa3ab70000 - 0x00007ffa3ab9b000 	C:\Windows\System32\GDI32.dll
0x00007ffa2cbb0000 - 0x00007ffa2ce4a000 	C:\Windows\WinSxS\amd64_microsoft.windows.common-controls_6595b64144ccf1df_6.0.19041.1110_none_60b5254171f9507e\COMCTL32.dll
0x00007ffa39740000 - 0x00007ffa39850000 	C:\Windows\System32\gdi32full.dll
0x00007ffa39ed0000 - 0x00007ffa39f6d000 	C:\Windows\System32\msvcp_win.dll
0x00007ffa31e20000 - 0x00007ffa31e2a000 	C:\Windows\SYSTEM32\VERSION.dll
0x00007ffa3a0e0000 - 0x00007ffa3a110000 	C:\Windows\System32\IMM32.DLL
0x00007ffa32ba0000 - 0x00007ffa32bac000 	D:\Program Files\Java\jdk-19\bin\vcruntime140_1.dll
0x00007ff9f5220000 - 0x00007ff9f52ae000 	D:\Program Files\Java\jdk-19\bin\msvcp140.dll
0x00007ff9c9880000 - 0x00007ff9ca540000 	D:\Program Files\Java\jdk-19\bin\server\jvm.dll
0x00007ffa36740000 - 0x00007ffa36767000 	C:\Windows\SYSTEM32\WINMM.dll
0x00007ffa32d00000 - 0x00007ffa32d09000 	C:\Windows\SYSTEM32\WSOCK32.dll
0x00007ffa3af80000 - 0x00007ffa3afeb000 	C:\Windows\System32\WS2_32.dll
0x00007ffa37ea0000 - 0x00007ffa37eb2000 	C:\Windows\SYSTEM32\kernel.appcore.dll
0x00007ffa32600000 - 0x00007ffa3260a000 	D:\Program Files\Java\jdk-19\bin\jimage.dll
0x00007ffa376e0000 - 0x00007ffa378c4000 	C:\Windows\SYSTEM32\DBGHELP.DLL
0x00007ffa29f80000 - 0x00007ffa29fb4000 	C:\Windows\SYSTEM32\dbgcore.DLL
0x00007ffa39c30000 - 0x00007ffa39cb2000 	C:\Windows\System32\bcryptPrimitives.dll
0x00007ffa323f0000 - 0x00007ffa32416000 	D:\Program Files\Java\jdk-19\bin\java.dll

dbghelp: loaded successfully - version: 4.0.5 - missing functions: none
symbol engine: initialized successfully - sym options: 0x614 - pdb path: .;D:\Program Files\Java\jdk-19\bin;C:\Windows\SYSTEM32;C:\Windows\WinSxS\amd64_microsoft.windows.common-controls_6595b64144ccf1df_6.0.19041.1110_none_60b5254171f9507e;D:\Program Files\Java\jdk-19\bin\server

VM Arguments:
jvm_args: -Dclassworlds.conf=D:\Program Files\NetBeans-15\netbeans\java\maven\bin\m2.conf -Dmaven.home=D:\Program Files\NetBeans-15\netbeans\java\maven -Dlibrary.jansi.path=D:\Program Files\NetBeans-15\netbeans\java\maven\lib\jansi-native -Dmaven.multiModuleProjectDirectory=C:\Users\alexm\Documents\NetBeansProjects\BlankCpx 
java_command: org.codehaus.plexus.classworlds.launcher.Launcher -Drun.jvmArguments=-noverify -XX:TieredStopAtLevel=1 -Drun.mainClass=com.BlankCpx.cpx.CpxApplication -Dexec.vmArgs= -Dexec.appArgs= -Dmaven.ext.class.path=D:\Program Files\NetBeans-15\netbeans\java\maven-nblib\netbeans-eventspy.jar spring-boot:run
java_class_path (initial): D:\Program Files\NetBeans-15\netbeans\java\maven\boot\plexus-classworlds-2.6.0.jar
Launcher Type: SUN_STANDARD

[Global flags]
     intx CICompilerCount                          = 4                                         {product} {ergonomic}
     uint ConcGCThreads                            = 3                                         {product} {ergonomic}
     uint G1ConcRefinementThreads                  = 10                                        {product} {ergonomic}
   size_t G1HeapRegionSize                         = 2097152                                   {product} {ergonomic}
    uintx GCDrainStackTargetSize                   = 64                                        {product} {ergonomic}
   size_t InitialHeapSize                          = 257949696                                 {product} {ergonomic}
   size_t MarkStackSize                            = 4194304                                   {product} {ergonomic}
   size_t MaxHeapSize                              = 4127195136                                {product} {ergonomic}
   size_t MinHeapDeltaBytes                        = 2097152                                   {product} {ergonomic}
   size_t MinHeapSize                              = 8388608                                   {product} {ergonomic}
    uintx NonNMethodCodeHeapSize                   = 5839372                                {pd product} {ergonomic}
    uintx NonProfiledCodeHeapSize                  = 122909434                              {pd product} {ergonomic}
    uintx ProfiledCodeHeapSize                     = 122909434                              {pd product} {ergonomic}
    uintx ReservedCodeCacheSize                    = 251658240                              {pd product} {ergonomic}
     bool SegmentedCodeCache                       = true                                      {product} {ergonomic}
   size_t SoftMaxHeapSize                          = 4127195136                             {manageable} {ergonomic}
     bool UseCompressedClassPointers               = true                           {product lp64_product} {ergonomic}
     bool UseCompressedOops                        = true                           {product lp64_product} {ergonomic}
     bool UseG1GC                                  = true                                      {product} {ergonomic}
     bool UseLargePagesIndividualAllocation        = false                                  {pd product} {ergonomic}

Logging:
Log output configuration:
 #0: stdout all=warning uptime,level,tags foldmultilines=false
 #1: stderr all=off uptime,level,tags foldmultilines=false

Environment Variables:
JAVA_HOME=D:\Program Files\Java\jdk-19
PATH=C:\Program Files\Common Files\Oracle\Java\javapath;C:\Python310\Scripts\;C:\Python310\;C:\Windows\system32;C:\Windows;C:\Windows\System32\Wbem;C:\Windows\System32\WindowsPowerShell\v1.0\;C:\Windows\System32\OpenSSH\;C:\xampp\php;C:\ProgramData\ComposerSetup\bin;C:\ProgramData\chocolatey\bin;C:\Program Files\nodejs\;C:\Program Files\Git\cmd;C:\Users\alexm\AppData\Local\Microsoft\WindowsApps;C:\Users\alexm\AppData\Local\Programs\Microsoft VS Code\bin;C:\Users\alexm\AppData\Roaming\Composer\vendor\bin;C:\Users\alexm\AppData\Roaming\npm
USERNAME=alexm
OS=Windows_NT
PROCESSOR_IDENTIFIER=AMD64 Family 23 Model 96 Stepping 1, AuthenticAMD
TMP=C:\Users\alexm\AppData\Local\Temp
TEMP=C:\Users\alexm\AppData\Local\Temp



---------------  S Y S T E M  ---------------

OS:
 Windows 10 , 64 bit Build 19041 (10.0.19041.2788)
OS uptime: 3 days 9:26 hours

CPU: total 12 (initial active 12) (12 cores per cpu, 2 threads per core) family 23 model 96 stepping 1 microcode 0x0, cx8, cmov, fxsr, ht, mmx, 3dnowpref, sse, sse2, sse3, ssse3, sse4a, sse4.1, sse4.2, popcnt, lzcnt, tsc, tscinvbit, avx, avx2, aes, clmul, bmi1, bmi2, adx, sha, fma, vzeroupper, clflush, clflushopt, rdtscp, rdpid

Memory: 4k page, system-wide physical 15741M (2943M free)
TotalPageFile size 17789M (AvailPageFile size 226M)
current process WorkingSet (physical memory assigned to process): 10M, peak: 10M
current process commit charge ("private bytes"): 64M, peak: 310M

vm_info: Java HotSpot(TM) 64-Bit Server VM (19.0.2+7-44) for windows-amd64 JRE (19.0.2+7-44), built on 2022-11-30T18:02:09Z by "mach5one" with MS VC++ 17.1 (VS2022)

END.
